[2026-01-14 17:42:21] CONVERSION
  Conversion ID: 17
  User ID: 1
  File Name: Screenshot_2.png
  File Size: 4977182 bytes (4.75 MB)
  Format: png
--------------------------------------------------------------------------------
[2026-01-14 17:42:34] CONVERSION
  Conversion ID: 18
  User ID: 1
  File Name: Screenshot_3.png
  File Size: 3800470 bytes (3.62 MB)
  Format: png
--------------------------------------------------------------------------------
[2026-01-14 21:42:41] USER_PLAN_CHANGED
  User ID: 1
  User Email: admin@example.com
  Old Plan: My plan (ID: 5)
  New Plan: Enterprise (ID: 2)
--------------------------------------------------------------------------------
[2026-01-14 21:42:43] USER_PLAN_CHANGED
  User ID: 1
  User Email: admin@example.com
  Old Plan: Enterprise (ID: 2)
  New Plan: Premium (ID: 3)
--------------------------------------------------------------------------------
[2026-01-14 21:42:46] USER_PLAN_CHANGED
  User ID: 1
  User Email: admin@example.com
  Old Plan: Premium (ID: 3)
  New Plan: Free (ID: 1)
--------------------------------------------------------------------------------
[2026-01-14 21:45:24] USER_PLAN_CHANGED
  User ID: 1
  User Email: admin@example.com
  Old Plan: Free (ID: 1)
  New Plan: Enterprise (ID: 2)
--------------------------------------------------------------------------------
[2026-01-14 22:00:54] CONVERSION
  Conversion ID: 19
  User ID: 2
  File Name: Screenshot_1.png
  File Size: 4530023 bytes (4.32 MB)
  Format: png
--------------------------------------------------------------------------------
[2026-01-14 22:16:56] CACHE_MISS
  Cache Key: all_plans
  Action: Fetching from database
--------------------------------------------------------------------------------
[2026-01-14 22:16:57] CACHE_SET
  Cache Key: all_plans
  Items Cached: 4
  Duration: 30 minutes
--------------------------------------------------------------------------------
[2026-01-14 22:18:08] CACHE_HIT
  Cache Key: all_plans
--------------------------------------------------------------------------------
[2026-01-14 22:18:15] CACHE_HIT
  Cache Key: all_plans
--------------------------------------------------------------------------------
[2026-01-14 22:18:16] CACHE_HIT
  Cache Key: all_plans
--------------------------------------------------------------------------------
[2026-01-14 22:18:17] CACHE_HIT
  Cache Key: all_plans
--------------------------------------------------------------------------------
[2026-01-14 22:18:32] CACHE_HIT
  Cache Key: all_plans
--------------------------------------------------------------------------------
[2026-01-14 22:18:39] CACHE_CLEARED
  Cache Key: all_plans
  Reason: Plan deleted
--------------------------------------------------------------------------------
[2026-01-14 22:18:39] PLAN_DELETED
  Plan ID: 5
  Plan Name: My plan
--------------------------------------------------------------------------------
[2026-01-14 22:18:39] CACHE_MISS
  Cache Key: all_plans
  Action: Fetching from database
--------------------------------------------------------------------------------
[2026-01-14 22:18:39] CACHE_SET
  Cache Key: all_plans
  Items Cached: 3
  Duration: 30 minutes
--------------------------------------------------------------------------------
[2026-01-14 22:20:21] CACHE_HIT
  Cache Key: all_plans
--------------------------------------------------------------------------------
[2026-01-14 22:20:26] USER_PLAN_CHANGED
  User ID: 1
  User Email: admin@example.com
  Old Plan: Enterprise (ID: 2)
  New Plan: Premium (ID: 3)
--------------------------------------------------------------------------------
[2026-01-14 22:20:26] CACHE_HIT
  Cache Key: all_plans
--------------------------------------------------------------------------------
[2026-01-15 07:13:53] CACHE_MISS
  Cache Key: all_plans
  Action: Fetching from database
--------------------------------------------------------------------------------
[2026-01-15 07:13:53] CACHE_SET
  Cache Key: all_plans
  Items Cached: 3
  Duration: 30 minutes
--------------------------------------------------------------------------------
[2026-01-15 07:21:56] CACHE_MISS
  Cache Key: all_plans
  Action: Fetching from database
--------------------------------------------------------------------------------
[2026-01-15 07:21:56] CACHE_SET
  Cache Key: all_plans
  Items Cached: 3
  Duration: 30 minutes
--------------------------------------------------------------------------------
[2026-01-15 07:22:00] CACHE_HIT
  Cache Key: all_plans
--------------------------------------------------------------------------------
[2026-01-15 07:22:05] USER_PLAN_CHANGED
  User ID: 1
  User Email: admin@example.com
  Old Plan: Premium (ID: 3)
  New Plan: Free (ID: 1)
--------------------------------------------------------------------------------
[2026-01-15 07:22:05] CACHE_HIT
  Cache Key: all_plans
--------------------------------------------------------------------------------
[2026-01-15 07:23:04] CONVERSION
  Conversion ID: 20
  User ID: 1
  File Name: Screenshot_2.png
  File Size: 4977182 bytes (4.75 MB)
  Format: png
--------------------------------------------------------------------------------
[2026-01-15 07:23:13] CONVERSION
  Conversion ID: 21
  User ID: 1
  File Name: Screenshot_3.png
  File Size: 3800470 bytes (3.62 MB)
  Format: png
--------------------------------------------------------------------------------
[2026-01-15 07:23:16] CONVERSION
  Conversion ID: 22
  User ID: 1
  File Name: Screenshot_1.png
  File Size: 4530023 bytes (4.32 MB)
  Format: png
--------------------------------------------------------------------------------
[2026-01-15 07:23:31] CONVERSION
  Conversion ID: 23
  User ID: 1
  File Name: Screenshot_2.png
  File Size: 4977182 bytes (4.75 MB)
  Format: png
--------------------------------------------------------------------------------
[2026-01-15 07:23:41] CACHE_HIT
  Cache Key: all_plans
--------------------------------------------------------------------------------
[2026-01-15 07:23:45] CACHE_HIT
  Cache Key: all_plans
--------------------------------------------------------------------------------
[2026-01-15 07:23:47] CACHE_HIT
  Cache Key: all_plans
--------------------------------------------------------------------------------
[2026-01-15 07:23:50] CACHE_CLEARED
  Cache Key: all_plans
  Reason: Plan updated
--------------------------------------------------------------------------------
[2026-01-15 07:23:50] PLAN_UPDATED
  Plan ID: 1
  Name: Free → Free
  Limit: 4 → 5
  Price: 0 → 0
--------------------------------------------------------------------------------
[2026-01-15 07:23:50] CACHE_MISS
  Cache Key: all_plans
  Action: Fetching from database
--------------------------------------------------------------------------------
[2026-01-15 07:23:50] CACHE_SET
  Cache Key: all_plans
  Items Cached: 3
  Duration: 30 minutes
--------------------------------------------------------------------------------
[2026-01-15 07:23:59] CONVERSION
  Conversion ID: 24
  User ID: 1
  File Name: Screenshot_3.png
  File Size: 3800470 bytes (3.62 MB)
  Format: png
--------------------------------------------------------------------------------
[2026-01-15 07:24:04] CACHE_HIT
  Cache Key: all_plans
--------------------------------------------------------------------------------
[2026-01-15 07:24:08] USER_PLAN_CHANGED
  User ID: 1
  User Email: admin@example.com
  Old Plan: Free (ID: 1)
  New Plan: Enterprise (ID: 2)
--------------------------------------------------------------------------------
[2026-01-15 07:24:08] CACHE_HIT
  Cache Key: all_plans
--------------------------------------------------------------------------------
[2026-01-15 07:24:16] CACHE_HIT
  Cache Key: all_plans
--------------------------------------------------------------------------------
[2026-01-15 07:24:30] CACHE_HIT
  Cache Key: all_plans
--------------------------------------------------------------------------------
[2026-01-15 07:30:07] CACHE_HIT
  Cache Key: all_plans
--------------------------------------------------------------------------------
[2026-01-15 07:33:28] CACHE_HIT
  Cache Key: all_plans
--------------------------------------------------------------------------------
[2026-01-15 07:34:32] CONVERSION
  Conversion ID: 25
  User ID: 5
  File Name: Screenshot_2.png
  File Size: 4977182 bytes (4.75 MB)
  Format: png
--------------------------------------------------------------------------------
